#
# There is insufficient memory for the Java Runtime Environment to continue.
# Native memory allocation (mmap) failed to map 201326592 bytes for Failed to commit area from 0x0000000740a00000 to 0x000000074ca00000 of length 201326592.
# Possible reasons:
#   The system is out of physical RAM or swap space
#   The process is running with CompressedOops enabled, and the Java Heap may be blocking the growth of the native heap
# Possible solutions:
#   Reduce memory load on the system
#   Increase physical memory or swap space
#   Check if swap backing store is full
#   Decrease Java heap size (-Xmx/-Xms)
#   Decrease number of Java threads
#   Decrease Java thread stack sizes (-Xss)
#   Set larger code cache with -XX:ReservedCodeCacheSize=
# This output file may be truncated or incomplete.
#
#  Out of Memory Error (t:/workspace/open/src/hotspot/os/windows/os_windows.cpp:3254), pid=20336, tid=18076
#
# JRE version:  (12.0+33) (build )
# Java VM: Java HotSpot(TM) 64-Bit Server VM (12+33, mixed mode, aot, sharing, tiered, compressed oops, g1 gc, windows-amd64)
# No core dump will be written. Minidumps are not enabled by default on client versions of Windows
#

---------------  S U M M A R Y ------------

Command Line: C:\Temp\surefire684205652066792296\surefirebooter11111606552576700901.jar C:\temp\surefire684205652066792296 2021-01-19T15-31-10_675-jvmRun1 surefire17335649504525905613tmp surefire_0648085665831231017tmp

Host: Intel(R) Core(TM) i7-2600 CPU @ 3.40GHz, 8 cores, 11G,  Windows 10 , 64 bit Build 19041 (10.0.19041.662)
Time: Tue Jan 19 15:31:13 2021 Eastern Standard Time elapsed time: 0 seconds (0d 0h 0m 0s)

---------------  T H R E A D  ---------------

Current thread (0x000001fadb8c8800):  JavaThread "Unknown thread" [_thread_in_vm, id=18076, stack(0x0000002d6b000000,0x0000002d6b100000)]

Stack: [0x0000002d6b000000,0x0000002d6b100000]
Native frames: (J=compiled Java code, j=interpreted, Vv=VM code, C=native code)
V  [jvm.dll+0x63948a]
V  [jvm.dll+0x78b31f]
V  [jvm.dll+0x78c9c1]
V  [jvm.dll+0x78d013]
V  [jvm.dll+0x262138]
V  [jvm.dll+0x63698a]
V  [jvm.dll+0x62b505]
V  [jvm.dll+0x31d9bc]
V  [jvm.dll+0x31d7ef]
V  [jvm.dll+0x323526]
V  [jvm.dll+0x370f76]
V  [jvm.dll+0x370750]
V  [jvm.dll+0x2f786a]
V  [jvm.dll+0x2f8af2]
V  [jvm.dll+0x7657b7]
V  [jvm.dll+0x766e95]
V  [jvm.dll+0x37f089]
V  [jvm.dll+0x749b14]
V  [jvm.dll+0x3ee48d]
V  [jvm.dll+0x3f03c1]
C  [jli.dll+0x51cf]
C  [ucrtbase.dll+0x214c2]
C  [KERNEL32.DLL+0x17034]
C  [ntdll.dll+0x4d0d1]


---------------  P R O C E S S  ---------------

Threads class SMR info:
_java_thread_list=0x00007ffef7e948e8, length=0, elements={
}

Java Threads: ( => current thread )

Other Threads:
  0x000001fadb91b000 GCTaskThread "GC Thread#0" [stack: 0x0000002d6b100000,0x0000002d6b200000] [id=6508]
  0x000001fadb92e800 ConcurrentGCThread "G1 Main Marker" [stack: 0x0000002d6b200000,0x0000002d6b300000] [id=21164]
  0x000001fadb935800 ConcurrentGCThread "G1 Conc#0" [stack: 0x0000002d6b300000,0x0000002d6b400000] [id=5432]

[error occurred during error reporting (printing all threads), id 0xc0000005, EXCEPTION_ACCESS_VIOLATION (0xc0000005) at pc=0x00007ffef76c7a37]

VM state:not at safepoint (not fully initialized)

VM Mutex/Monitor currently owned by a thread:  ([mutex/lock_event])
[0x000001fadb8c5de0] Heap_lock - owner thread: 0x000001fadb8c8800

Heap address: 0x0000000740a00000, size: 3062 MB, Compressed Oops mode: Non-zero based: 0x0000000740a00000
Narrow klass base: 0x0000000000000000, Narrow klass shift: 0

GC Heap History (0 events):
No events

Deoptimization events (0 events):
No events

Classes redefined (0 events):
No events

Internal exceptions (0 events):
No events

Events (0 events):
No events


Dynamic libraries:
0x00007ff699e30000 - 0x00007ff699e3f000 	C:\Jdk12\bin\java.exe
0x00007fff490b0000 - 0x00007fff492a6000 	C:\WINDOWS\SYSTEM32\ntdll.dll
0x00007fff48530000 - 0x00007fff485ed000 	C:\WINDOWS\System32\KERNEL32.DLL
0x00007fff46870000 - 0x00007fff46b39000 	C:\WINDOWS\System32\KERNELBASE.dll
0x00007fff46e40000 - 0x00007fff46f40000 	C:\WINDOWS\System32\ucrtbase.dll
0x00007fff40f10000 - 0x00007fff40f28000 	C:\Jdk12\bin\jli.dll
0x00007fff48b90000 - 0x00007fff48c3c000 	C:\WINDOWS\System32\ADVAPI32.dll
0x00007fff47240000 - 0x00007fff472de000 	C:\WINDOWS\System32\msvcrt.dll
0x00007fff473d0000 - 0x00007fff4746c000 	C:\WINDOWS\System32\sechost.dll
0x00007fff48400000 - 0x00007fff4852b000 	C:\WINDOWS\System32\RPCRT4.dll
0x00007fff2f640000 - 0x00007fff2f656000 	C:\Jdk12\bin\VCRUNTIME140.dll
0x00007fff48e50000 - 0x00007fff48ff0000 	C:\WINDOWS\System32\USER32.dll
0x00007fff46e10000 - 0x00007fff46e32000 	C:\WINDOWS\System32\win32u.dll
0x00007fff485f0000 - 0x00007fff4861a000 	C:\WINDOWS\System32\GDI32.dll
0x00007fff46ca0000 - 0x00007fff46dab000 	C:\WINDOWS\System32\gdi32full.dll
0x00007fff47020000 - 0x00007fff470bd000 	C:\WINDOWS\System32\msvcp_win.dll
0x00007fff34050000 - 0x00007fff342eb000 	C:\WINDOWS\WinSxS\amd64_microsoft.windows.common-controls_6595b64144ccf1df_6.0.19041.746_none_ca02b4b61b8320a4\COMCTL32.dll
0x00007fff3d0b0000 - 0x00007fff3d0ba000 	C:\WINDOWS\SYSTEM32\VERSION.dll
0x00007fff48210000 - 0x00007fff48240000 	C:\WINDOWS\System32\IMM32.DLL
0x00007fff26270000 - 0x00007fff2631a000 	C:\Jdk12\bin\msvcp140.dll
0x00007ffef73c0000 - 0x00007ffef7f34000 	C:\Jdk12\bin\server\jvm.dll
0x00007fff48200000 - 0x00007fff48208000 	C:\WINDOWS\System32\PSAPI.DLL
0x00007fff32450000 - 0x00007fff32459000 	C:\WINDOWS\SYSTEM32\WSOCK32.dll
0x00007fff48ff0000 - 0x00007fff4905b000 	C:\WINDOWS\System32\WS2_32.dll
0x00007fff38150000 - 0x00007fff38177000 	C:\WINDOWS\SYSTEM32\WINMM.dll
0x00007fff44730000 - 0x00007fff44742000 	C:\WINDOWS\SYSTEM32\kernel.appcore.dll
0x00007fff2f020000 - 0x00007fff2f031000 	C:\Jdk12\bin\verify.dll
0x00007fff3cbb0000 - 0x00007fff3cd94000 	C:\WINDOWS\SYSTEM32\DBGHELP.DLL
0x00007fff3cb50000 - 0x00007fff3cb7c000 	C:\WINDOWS\SYSTEM32\dbgcore.DLL
0x00007fff467f0000 - 0x00007fff46870000 	C:\WINDOWS\System32\bcryptPrimitives.dll
0x00007fff2cad0000 - 0x00007fff2caf6000 	C:\Jdk12\bin\java.dll
0x00007fff2c780000 - 0x00007fff2c797000 	C:\Jdk12\bin\zip.dll
0x00007fff42560000 - 0x00007fff4256a000 	C:\Jdk12\bin\jimage.dll

dbghelp: loaded successfully - version: 4.0.5 - missing functions: none
symbol engine: initialized successfully - sym options: 0x614 - pdb path: .;C:\Jdk12\bin;C:\WINDOWS\SYSTEM32;C:\WINDOWS\WinSxS\amd64_microsoft.windows.common-controls_6595b64144ccf1df_6.0.19041.746_none_ca02b4b61b8320a4;C:\Jdk12\bin\server

VM Arguments:
java_command: C:\Temp\surefire684205652066792296\surefirebooter11111606552576700901.jar C:\temp\surefire684205652066792296 2021-01-19T15-31-10_675-jvmRun1 surefire17335649504525905613tmp surefire_0648085665831231017tmp
java_class_path (initial): C:\Temp\surefire684205652066792296\surefirebooter11111606552576700901.jar
Launcher Type: SUN_STANDARD

[Global flags]
     intx CICompilerCount                          = 4                                         {product} {ergonomic}
     uint ConcGCThreads                            = 2                                         {product} {ergonomic}
     uint G1ConcRefinementThreads                  = 8                                         {product} {ergonomic}
   size_t G1HeapRegionSize                         = 1048576                                   {product} {ergonomic}
    uintx GCDrainStackTargetSize                   = 64                                        {product} {ergonomic}
   size_t InitialHeapSize                          = 201326592                                 {product} {ergonomic}
   size_t MarkStackSize                            = 4194304                                   {product} {ergonomic}
   size_t MaxHeapSize                              = 3210739712                                {product} {ergonomic}
   size_t MinHeapDeltaBytes                        = 1048576                                   {product} {ergonomic}
    uintx NonNMethodCodeHeapSize                   = 5836300                                {pd product} {ergonomic}
    uintx NonProfiledCodeHeapSize                  = 122910970                              {pd product} {ergonomic}
    uintx ProfiledCodeHeapSize                     = 122910970                              {pd product} {ergonomic}
    uintx ReservedCodeCacheSize                    = 251658240                              {pd product} {ergonomic}
     bool SegmentedCodeCache                       = true                                      {product} {ergonomic}
     bool UseCompressedClassPointers               = true                                 {lp64_product} {ergonomic}
     bool UseCompressedOops                        = true                                 {lp64_product} {ergonomic}
     bool UseG1GC                                  = true                                      {product} {ergonomic}
     bool UseLargePagesIndividualAllocation        = false                                  {pd product} {ergonomic}

Logging:
Log output configuration:
 #0: stdout all=warning uptime,level,tags
 #1: stderr all=off uptime,level,tags

Environment Variables:
JAVA_HOME=C:/Jdk12
PATH=C:\Users\worker\bin;C:\Git\mingw64\bin;C:\Git\usr\local\bin;C:\Git\usr\bin;C:\Git\usr\bin;C:\Git\mingw64\bin;C:\Git\usr\bin;C:\Users\worker\bin;D:\sts-4.8.0.RELEASE\plugins\org.eclipse.justj.openjdk.hotspot.jre.full.win32.x86_64_15.0.0.v20201014-1246\jre\bin\server;D:\sts-4.8.0.RELEASE\plugins\org.eclipse.justj.openjdk.hotspot.jre.full.win32.x86_64_15.0.0.v20201014-1246\jre\bin;C:\Program Files (x86)\Common Files\Oracle\Java\javapath;C:\WINDOWS\SYSTEM32;C:\WINDOWS;C:\WINDOWS\SYSTEM32\WBEM;C:\WINDOWS\SYSTEM32\WINDOWSPOWERSHELL\V1.0;C:\PROGRAM FILES (X86)\EASEUS\TODO BACKUP\BIN;C:\PROGRAM FILES (X86)\AMD\ATI.ACE\CORE-STATIC;C:\PROGRAM FILES (X86)\ATI TECHNOLOGIES\ATI.ACE\CORE-STATIC;C:\PROGRAM FILES (X86)\CALIBRE2;C:\PROGRAM FILES (X86)\QUICKTIME\QTSYSTEM;C:\WINDOWS\system32;C:\WINDOWS\System32\Wbem;C:\WINDOWS\System32\WindowsPowerShell\v1.0;C:\Program Files (x86)\ATI Technologies\ATI.ACE\Core-Static;C:\Program Files (x86)\Common Files\Intuit\QBPOSSDKRuntime;C:\WINDOWS\system32;C:\WINDOWS;C:\WINDOWS\System32\Wbem;C:\WINDOWS\System32\WindowsPowerShell\v1.0;C:\Program Files (x86)\Common Files\Apple\Internet Services;C:\WINDOWS\System32\OpenSSH;C:\Program Files\Amazon\AWSCLI;C:\Program Files\Microsoft VS Code\bin;C:\Users\worker\AppData\Roaming\npm;C:\Program Files\nodejs;C:\Users\worker\AppData\Local\Microsoft\WindowsApps;C:\Git\usr\bin;.;D:\sts-4.8.0.RELEASE;C:\Git\usr\bin\vendor_perl;C:\Git\usr\bin\core_perl;C;D:\Jdk12\bin;D:\tomcat-9.0.37\bin;.
USERNAME=worker
SHELL=C:\Git\usr\bin\bash.exe
DISPLAY=needs-to-be-defined
OS=Windows_NT
PROCESSOR_IDENTIFIER=Intel64 Family 6 Model 42 Stepping 7, GenuineIntel



---------------  S Y S T E M  ---------------

OS: Windows 10 , 64 bit Build 19041 (10.0.19041.662)

CPU:total 8 (initial active 8) (4 cores per cpu, 2 threads per core) family 6 model 42 stepping 7, cmov, cx8, fxsr, mmx, sse, sse2, sse3, ssse3, sse4.1, sse4.2, popcnt, avx, aes, clmul, ht, tsc, tscinvbit

Memory: 4k page, system-wide physical 12245M (1055M free)
TotalPageFile size 16341M (AvailPageFile size 135M)
current process WorkingSet (physical memory assigned to process): 10M, peak: 10M
current process commit charge ("private bytes"): 60M, peak: 252M

vm_info: Java HotSpot(TM) 64-Bit Server VM (12+33) for windows-amd64 JRE (12+33), built on Feb 21 2019 02:31:50 by "mach5one" with MS VC++ 15.5 (VS2017)

END.
